用户IP:127.0.0.1
发生时间:2016-3-10 7:54:48
发生异常页: http://localhost:5907/中达客站客户管理系统/Login.aspx
异常信息: 无法打开登录所请求的数据库 "ZDDB"。登录失败。
用户 'sa' 登录失败。
错误源:.Net SqlClient Data Provider
堆栈信息:   在 ZDDB.DAL.UserInfoService.GetSelectUserByLoginid(String UserName) 位置 C:\Users\Administrator\Desktop\40李兰兰\最后一次\ZDDB.DAL\UserInfoService.cs:行号 44
   在 ZDDB.BLL.UserInfoManager.Register(String userName, String Pwd, UserInfoTB& UserInfo) 位置 C:\Users\Administrator\Desktop\40李兰兰\最后一次\ZDDB.BLL\UserInfoManager.cs:行号 17
   在 _Default.ImageButton1_Click(Object sender, ImageClickEventArgs e) 位置 f:\40李兰兰3.9\最后一次\中达客站客户管理系统\Login.aspx.cs:行号 35
   在 System.Web.UI.WebControls.ImageButton.OnClick(ImageClickEventArgs e)
   在 System.Web.UI.WebControls.ImageButton.RaisePostBackEvent(String eventArgument)
   在 System.Web.UI.WebControls.ImageButton.System.Web.UI.IPostBackEventHandler.RaisePostBackEvent(String eventArgument)
   在 System.Web.UI.Page.RaisePostBackEvent(IPostBackEventHandler sourceControl, String eventArgument)
   在 System.Web.UI.Page.RaisePostBackEvent(NameValueCollection postData)
   在 System.Web.UI.Page.ProcessRequestMain(Boolean includeStagesBeforeAsyncPoint, Boolean includeStagesAfterAsyncPoint)
-----------------------
用户IP:127.0.0.1
发生时间:2016-3-10 8:04:17
发生异常页: http://localhost:5907/中达客站客户管理系统/Customers/SelectCustomers.aspx
异常信息: 索引超出范围。必须为非负值并小于集合大小。
参数名: index
错误源:mscorlib
堆栈信息:   在 System.ThrowHelper.ThrowArgumentOutOfRangeException(ExceptionArgument argument, ExceptionResource resource)
   在 System.ThrowHelper.ThrowArgumentOutOfRangeException()
   在 System.Collections.Generic.List`1.get_Item(Int32 index)
   在 System.Collections.Generic.List`1.System.Collections.IList.get_Item(Int32 index)
   在 System.Web.UI.WebControls.PagedDataSource.EnumeratorOnIList.get_Current()
   在 System.Web.UI.WebControls.PagedDataSource.EnumeratorOnICollection.get_Current()
   在 System.Web.UI.WebControls.GridView.CreateChildControls(IEnumerable dataSource, Boolean dataBinding)
   在 System.Web.UI.WebControls.CompositeDataBoundControl.PerformDataBinding(IEnumerable data)
   在 System.Web.UI.WebControls.GridView.PerformDataBinding(IEnumerable data)
   在 System.Web.UI.WebControls.DataBoundControl.OnDataSourceViewSelectCallback(IEnumerable data)
   在 System.Web.UI.DataSourceView.Select(DataSourceSelectArguments arguments, DataSourceViewSelectCallback callback)
   在 System.Web.UI.WebControls.DataBoundControl.PerformSelect()
   在 System.Web.UI.WebControls.BaseDataBoundControl.DataBind()
   在 System.Web.UI.WebControls.GridView.DataBind()
   在 Customers_SelectCustomers.DisplayCustomer() 位置 f:\40李兰兰3.9\最后一次\中达客站客户管理系统\Customers\SelectCustomers.aspx.cs:行号 62
   在 Customers_SelectCustomers.AspNetPager1_PageChanged(Object sender, EventArgs e) 位置 f:\40李兰兰3.9\最后一次\中达客站客户管理系统\Customers\SelectCustomers.aspx.cs:行号 194
   在 Wuqi.Webdiyer.AspNetPager.OnPageChanged(EventArgs e)
   在 Wuqi.Webdiyer.AspNetPager.OnPageChanging(PageChangingEventArgs e)
   在 Wuqi.Webdiyer.AspNetPager.RaisePostBackEvent(String args)
   在 System.Web.UI.Page.RaisePostBackEvent(IPostBackEventHandler sourceControl, String eventArgument)
   在 System.Web.UI.Page.RaisePostBackEvent(NameValueCollection postData)
   在 System.Web.UI.Page.ProcessRequestMain(Boolean includeStagesBeforeAsyncPoint, Boolean includeStagesAfterAsyncPoint)
-----------------------
用户IP:127.0.0.1
发生时间:2016-3-10 8:04:44
发生异常页: http://localhost:5907/中达客站客户管理系统/Customers/SelectCustomers.aspx
异常信息: 索引超出范围。必须为非负值并小于集合大小。
参数名: index
错误源:mscorlib
堆栈信息:   在 System.ThrowHelper.ThrowArgumentOutOfRangeException(ExceptionArgument argument, ExceptionResource resource)
   在 System.ThrowHelper.ThrowArgumentOutOfRangeException()
   在 System.Collections.Generic.List`1.get_Item(Int32 index)
   在 System.Collections.Generic.List`1.System.Collections.IList.get_Item(Int32 index)
   在 System.Web.UI.WebControls.PagedDataSource.EnumeratorOnIList.get_Current()
   在 System.Web.UI.WebControls.PagedDataSource.EnumeratorOnICollection.get_Current()
   在 System.Web.UI.WebControls.GridView.CreateChildControls(IEnumerable dataSource, Boolean dataBinding)
   在 System.Web.UI.WebControls.CompositeDataBoundControl.PerformDataBinding(IEnumerable data)
   在 System.Web.UI.WebControls.GridView.PerformDataBinding(IEnumerable data)
   在 System.Web.UI.WebControls.DataBoundControl.OnDataSourceViewSelectCallback(IEnumerable data)
   在 System.Web.UI.DataSourceView.Select(DataSourceSelectArguments arguments, DataSourceViewSelectCallback callback)
   在 System.Web.UI.WebControls.DataBoundControl.PerformSelect()
   在 System.Web.UI.WebControls.BaseDataBoundControl.DataBind()
   在 System.Web.UI.WebControls.GridView.DataBind()
   在 Customers_SelectCustomers.DisplayCustomer() 位置 f:\40李兰兰3.9\最后一次\中达客站客户管理系统\Customers\SelectCustomers.aspx.cs:行号 62
   在 Customers_SelectCustomers.AspNetPager1_PageChanged(Object sender, EventArgs e) 位置 f:\40李兰兰3.9\最后一次\中达客站客户管理系统\Customers\SelectCustomers.aspx.cs:行号 194
   在 Wuqi.Webdiyer.AspNetPager.OnPageChanged(EventArgs e)
   在 Wuqi.Webdiyer.AspNetPager.OnPageChanging(PageChangingEventArgs e)
   在 Wuqi.Webdiyer.AspNetPager.RaisePostBackEvent(String args)
   在 System.Web.UI.Page.RaisePostBackEvent(IPostBackEventHandler sourceControl, String eventArgument)
   在 System.Web.UI.Page.RaisePostBackEvent(NameValueCollection postData)
   在 System.Web.UI.Page.ProcessRequestMain(Boolean includeStagesBeforeAsyncPoint, Boolean includeStagesAfterAsyncPoint)
-----------------------
用户IP:127.0.0.1
发生时间:2016-3-10 8:05:49
发生异常页: http://localhost:5907/中达客站客户管理系统/Customers/SelectCustomers.aspx
异常信息: 索引超出范围。必须为非负值并小于集合大小。
参数名: index
错误源:mscorlib
堆栈信息:   在 System.ThrowHelper.ThrowArgumentOutOfRangeException(ExceptionArgument argument, ExceptionResource resource)
   在 System.ThrowHelper.ThrowArgumentOutOfRangeException()
   在 System.Collections.Generic.List`1.get_Item(Int32 index)
   在 System.Collections.Generic.List`1.System.Collections.IList.get_Item(Int32 index)
   在 System.Web.UI.WebControls.PagedDataSource.EnumeratorOnIList.get_Current()
   在 System.Web.UI.WebControls.PagedDataSource.EnumeratorOnICollection.get_Current()
   在 System.Web.UI.WebControls.GridView.CreateChildControls(IEnumerable dataSource, Boolean dataBinding)
   在 System.Web.UI.WebControls.CompositeDataBoundControl.PerformDataBinding(IEnumerable data)
   在 System.Web.UI.WebControls.GridView.PerformDataBinding(IEnumerable data)
   在 System.Web.UI.WebControls.DataBoundControl.OnDataSourceViewSelectCallback(IEnumerable data)
   在 System.Web.UI.DataSourceView.Select(DataSourceSelectArguments arguments, DataSourceViewSelectCallback callback)
   在 System.Web.UI.WebControls.DataBoundControl.PerformSelect()
   在 System.Web.UI.WebControls.BaseDataBoundControl.DataBind()
   在 System.Web.UI.WebControls.GridView.DataBind()
   在 Customers_SelectCustomers.DisplayCustomer() 位置 f:\40李兰兰3.9\最后一次\中达客站客户管理系统\Customers\SelectCustomers.aspx.cs:行号 62
   在 Customers_SelectCustomers.AspNetPager1_PageChanged(Object sender, EventArgs e) 位置 f:\40李兰兰3.9\最后一次\中达客站客户管理系统\Customers\SelectCustomers.aspx.cs:行号 194
   在 Wuqi.Webdiyer.AspNetPager.OnPageChanged(EventArgs e)
   在 Wuqi.Webdiyer.AspNetPager.OnPageChanging(PageChangingEventArgs e)
   在 Wuqi.Webdiyer.AspNetPager.RaisePostBackEvent(String args)
   在 System.Web.UI.Page.RaisePostBackEvent(IPostBackEventHandler sourceControl, String eventArgument)
   在 System.Web.UI.Page.RaisePostBackEvent(NameValueCollection postData)
   在 System.Web.UI.Page.ProcessRequestMain(Boolean includeStagesBeforeAsyncPoint, Boolean includeStagesAfterAsyncPoint)
-----------------------
用户IP:127.0.0.1
发生时间:2016-3-10 10:27:04
发生异常页: http://localhost:5907/中达客站客户管理系统/AcceptandSent/AcceptShow.aspx
异常信息: f:\40李兰兰3.9\最后一次\中达客站客户管理系统\AcceptandSent\AcceptShow.aspx(107): error CS1061: “ASP.acceptandsent_acceptshow_aspx”不包含“AspNetPager1_PageChanged”的定义，并且找不到可接受类型为“ASP.acceptandsent_acceptshow_aspx”的第一个参数的扩展方法“AspNetPager1_PageChanged”(是否缺少 using 指令或程序集引用?)
错误源:System.Web
堆栈信息:   在 System.Web.Compilation.BuildManager.CompileWebFile(VirtualPath virtualPath)
   在 System.Web.Compilation.BuildManager.GetVPathBuildResultInternal(VirtualPath virtualPath, Boolean noBuild, Boolean allowCrossApp, Boolean allowBuildInPrecompile)
   在 System.Web.Compilation.BuildManager.GetVPathBuildResultWithNoAssert(HttpContext context, VirtualPath virtualPath, Boolean noBuild, Boolean allowCrossApp, Boolean allowBuildInPrecompile)
   在 System.Web.Compilation.BuildManager.GetVirtualPathObjectFactory(VirtualPath virtualPath, HttpContext context, Boolean allowCrossApp, Boolean noAssert)
   在 System.Web.Compilation.BuildManager.CreateInstanceFromVirtualPath(VirtualPath virtualPath, Type requiredBaseType, HttpContext context, Boolean allowCrossApp, Boolean noAssert)
   在 System.Web.UI.PageHandlerFactory.GetHandlerHelper(HttpContext context, String requestType, VirtualPath virtualPath, String physicalPath)
   在 System.Web.UI.PageHandlerFactory.System.Web.IHttpHandlerFactory2.GetHandler(HttpContext context, String requestType, VirtualPath virtualPath, String physicalPath)
   在 System.Web.HttpApplication.MapHttpHandler(HttpContext context, String requestType, VirtualPath path, String pathTranslated, Boolean useAppConfig)
   在 System.Web.HttpApplication.MapHandlerExecutionStep.System.Web.HttpApplication.IExecutionStep.Execute()
   在 System.Web.HttpApplication.ExecuteStep(IExecutionStep step, Boolean& completedSynchronously)
-----------------------
用户IP:127.0.0.1
发生时间:2016-3-10 10:27:13
发生异常页: http://localhost:5907/中达客站客户管理系统/AcceptandSent/AcceptShow.aspx
异常信息: f:\40李兰兰3.9\最后一次\中达客站客户管理系统\AcceptandSent\AcceptShow.aspx(107): error CS1061: “ASP.acceptandsent_acceptshow_aspx”不包含“AspNetPager1_PageChanged”的定义，并且找不到可接受类型为“ASP.acceptandsent_acceptshow_aspx”的第一个参数的扩展方法“AspNetPager1_PageChanged”(是否缺少 using 指令或程序集引用?)
错误源:System.Web
堆栈信息:   在 System.Web.Compilation.BuildManager.PostProcessFoundBuildResult(BuildResult result, Boolean keyFromVPP, VirtualPath virtualPath)
   在 System.Web.Compilation.BuildManager.GetBuildResultFromCacheInternal(String cacheKey, Boolean keyFromVPP, VirtualPath virtualPath, Int64 hashCode)
   在 System.Web.Compilation.BuildManager.GetVPathBuildResultFromCacheInternal(VirtualPath virtualPath)
   在 System.Web.Compilation.BuildManager.GetVPathBuildResultInternal(VirtualPath virtualPath, Boolean noBuild, Boolean allowCrossApp, Boolean allowBuildInPrecompile)
   在 System.Web.Compilation.BuildManager.GetVPathBuildResultWithNoAssert(HttpContext context, VirtualPath virtualPath, Boolean noBuild, Boolean allowCrossApp, Boolean allowBuildInPrecompile)
   在 System.Web.Compilation.BuildManager.GetVirtualPathObjectFactory(VirtualPath virtualPath, HttpContext context, Boolean allowCrossApp, Boolean noAssert)
   在 System.Web.Compilation.BuildManager.CreateInstanceFromVirtualPath(VirtualPath virtualPath, Type requiredBaseType, HttpContext context, Boolean allowCrossApp, Boolean noAssert)
   在 System.Web.UI.PageHandlerFactory.GetHandlerHelper(HttpContext context, String requestType, VirtualPath virtualPath, String physicalPath)
   在 System.Web.UI.PageHandlerFactory.System.Web.IHttpHandlerFactory2.GetHandler(HttpContext context, String requestType, VirtualPath virtualPath, String physicalPath)
   在 System.Web.HttpApplication.MapHttpHandler(HttpContext context, String requestType, VirtualPath path, String pathTranslated, Boolean useAppConfig)
   在 System.Web.HttpApplication.MapHandlerExecutionStep.System.Web.HttpApplication.IExecutionStep.Execute()
   在 System.Web.HttpApplication.ExecuteStep(IExecutionStep step, Boolean& completedSynchronously)
-----------------------
用户IP:127.0.0.1
发生时间:2016-3-10 10:27:26
发生异常页: http://localhost:5907/中达客站客户管理系统/AcceptandSent/AcceptShow.aspx
异常信息: f:\40李兰兰3.9\最后一次\中达客站客户管理系统\AcceptandSent\AcceptShow.aspx(107): error CS1061: “ASP.acceptandsent_acceptshow_aspx”不包含“AspNetPager1_PageChanged”的定义，并且找不到可接受类型为“ASP.acceptandsent_acceptshow_aspx”的第一个参数的扩展方法“AspNetPager1_PageChanged”(是否缺少 using 指令或程序集引用?)
错误源:System.Web
堆栈信息:   在 System.Web.Compilation.BuildManager.CompileWebFile(VirtualPath virtualPath)
   在 System.Web.Compilation.BuildManager.GetVPathBuildResultInternal(VirtualPath virtualPath, Boolean noBuild, Boolean allowCrossApp, Boolean allowBuildInPrecompile)
   在 System.Web.Compilation.BuildManager.GetVPathBuildResultWithNoAssert(HttpContext context, VirtualPath virtualPath, Boolean noBuild, Boolean allowCrossApp, Boolean allowBuildInPrecompile)
   在 System.Web.Compilation.BuildManager.GetVirtualPathObjectFactory(VirtualPath virtualPath, HttpContext context, Boolean allowCrossApp, Boolean noAssert)
   在 System.Web.Compilation.BuildManager.CreateInstanceFromVirtualPath(VirtualPath virtualPath, Type requiredBaseType, HttpContext context, Boolean allowCrossApp, Boolean noAssert)
   在 System.Web.UI.PageHandlerFactory.GetHandlerHelper(HttpContext context, String requestType, VirtualPath virtualPath, String physicalPath)
   在 System.Web.UI.PageHandlerFactory.System.Web.IHttpHandlerFactory2.GetHandler(HttpContext context, String requestType, VirtualPath virtualPath, String physicalPath)
   在 System.Web.HttpApplication.MapHttpHandler(HttpContext context, String requestType, VirtualPath path, String pathTranslated, Boolean useAppConfig)
   在 System.Web.HttpApplication.MapHandlerExecutionStep.System.Web.HttpApplication.IExecutionStep.Execute()
   在 System.Web.HttpApplication.ExecuteStep(IExecutionStep step, Boolean& completedSynchronously)
-----------------------
用户IP:127.0.0.1
发生时间:2016-3-10 10:28:05
发生异常页: http://localhost:5907/中达客站客户管理系统/AcceptandSent/AcceptShow.aspx
异常信息: f:\40李兰兰3.9\最后一次\中达客站客户管理系统\AcceptandSent\AcceptShow.aspx(107): error CS1061: “ASP.acceptandsent_acceptshow_aspx”不包含“AspNetPager1_PageChanged”的定义，并且找不到可接受类型为“ASP.acceptandsent_acceptshow_aspx”的第一个参数的扩展方法“AspNetPager1_PageChanged”(是否缺少 using 指令或程序集引用?)
错误源:System.Web
堆栈信息:   在 System.Web.Compilation.BuildManager.CompileWebFile(VirtualPath virtualPath)
   在 System.Web.Compilation.BuildManager.GetVPathBuildResultInternal(VirtualPath virtualPath, Boolean noBuild, Boolean allowCrossApp, Boolean allowBuildInPrecompile)
   在 System.Web.Compilation.BuildManager.GetVPathBuildResultWithNoAssert(HttpContext context, VirtualPath virtualPath, Boolean noBuild, Boolean allowCrossApp, Boolean allowBuildInPrecompile)
   在 System.Web.Compilation.BuildManager.GetVirtualPathObjectFactory(VirtualPath virtualPath, HttpContext context, Boolean allowCrossApp, Boolean noAssert)
   在 System.Web.Compilation.BuildManager.CreateInstanceFromVirtualPath(VirtualPath virtualPath, Type requiredBaseType, HttpContext context, Boolean allowCrossApp, Boolean noAssert)
   在 System.Web.UI.PageHandlerFactory.GetHandlerHelper(HttpContext context, String requestType, VirtualPath virtualPath, String physicalPath)
   在 System.Web.UI.PageHandlerFactory.System.Web.IHttpHandlerFactory2.GetHandler(HttpContext context, String requestType, VirtualPath virtualPath, String physicalPath)
   在 System.Web.HttpApplication.MapHttpHandler(HttpContext context, String requestType, VirtualPath path, String pathTranslated, Boolean useAppConfig)
   在 System.Web.HttpApplication.MapHandlerExecutionStep.System.Web.HttpApplication.IExecutionStep.Execute()
   在 System.Web.HttpApplication.ExecuteStep(IExecutionStep step, Boolean& completedSynchronously)
-----------------------
用户IP:127.0.0.1
发生时间:2016-3-10 10:30:33
发生异常页: http://localhost:5907/中达客站客户管理系统/AcceptandSent/AcceptShow.aspx
异常信息: f:\40李兰兰3.9\最后一次\中达客站客户管理系统\AcceptandSent\AcceptShow.aspx(107): error CS1061: “ASP.acceptandsent_acceptshow_aspx”不包含“AspNetPager1_PageChanged”的定义，并且找不到可接受类型为“ASP.acceptandsent_acceptshow_aspx”的第一个参数的扩展方法“AspNetPager1_PageChanged”(是否缺少 using 指令或程序集引用?)
错误源:System.Web
堆栈信息:   在 System.Web.Compilation.BuildManager.CompileWebFile(VirtualPath virtualPath)
   在 System.Web.Compilation.BuildManager.GetVPathBuildResultInternal(VirtualPath virtualPath, Boolean noBuild, Boolean allowCrossApp, Boolean allowBuildInPrecompile)
   在 System.Web.Compilation.BuildManager.GetVPathBuildResultWithNoAssert(HttpContext context, VirtualPath virtualPath, Boolean noBuild, Boolean allowCrossApp, Boolean allowBuildInPrecompile)
   在 System.Web.Compilation.BuildManager.GetVirtualPathObjectFactory(VirtualPath virtualPath, HttpContext context, Boolean allowCrossApp, Boolean noAssert)
   在 System.Web.Compilation.BuildManager.CreateInstanceFromVirtualPath(VirtualPath virtualPath, Type requiredBaseType, HttpContext context, Boolean allowCrossApp, Boolean noAssert)
   在 System.Web.UI.PageHandlerFactory.GetHandlerHelper(HttpContext context, String requestType, VirtualPath virtualPath, String physicalPath)
   在 System.Web.UI.PageHandlerFactory.System.Web.IHttpHandlerFactory2.GetHandler(HttpContext context, String requestType, VirtualPath virtualPath, String physicalPath)
   在 System.Web.HttpApplication.MapHttpHandler(HttpContext context, String requestType, VirtualPath path, String pathTranslated, Boolean useAppConfig)
   在 System.Web.HttpApplication.MapHandlerExecutionStep.System.Web.HttpApplication.IExecutionStep.Execute()
   在 System.Web.HttpApplication.ExecuteStep(IExecutionStep step, Boolean& completedSynchronously)
-----------------------
用户IP:127.0.0.1
发生时间:2016-3-10 10:36:08
发生异常页: http://localhost:5907/中达客站客户管理系统/AcceptandSent/AcceptShow.aspx
异常信息: f:\40李兰兰3.9\最后一次\中达客站客户管理系统\AcceptandSent\AcceptShow.aspx(107): error CS1061: “ASP.acceptandsent_acceptshow_aspx”不包含“AspNetPager1_PageChanged”的定义，并且找不到可接受类型为“ASP.acceptandsent_acceptshow_aspx”的第一个参数的扩展方法“AspNetPager1_PageChanged”(是否缺少 using 指令或程序集引用?)
错误源:System.Web
堆栈信息:   在 System.Web.Compilation.BuildManager.CompileWebFile(VirtualPath virtualPath)
   在 System.Web.Compilation.BuildManager.GetVPathBuildResultInternal(VirtualPath virtualPath, Boolean noBuild, Boolean allowCrossApp, Boolean allowBuildInPrecompile)
   在 System.Web.Compilation.BuildManager.GetVPathBuildResultWithNoAssert(HttpContext context, VirtualPath virtualPath, Boolean noBuild, Boolean allowCrossApp, Boolean allowBuildInPrecompile)
   在 System.Web.Compilation.BuildManager.GetVirtualPathObjectFactory(VirtualPath virtualPath, HttpContext context, Boolean allowCrossApp, Boolean noAssert)
   在 System.Web.Compilation.BuildManager.CreateInstanceFromVirtualPath(VirtualPath virtualPath, Type requiredBaseType, HttpContext context, Boolean allowCrossApp, Boolean noAssert)
   在 System.Web.UI.PageHandlerFactory.GetHandlerHelper(HttpContext context, String requestType, VirtualPath virtualPath, String physicalPath)
   在 System.Web.UI.PageHandlerFactory.System.Web.IHttpHandlerFactory2.GetHandler(HttpContext context, String requestType, VirtualPath virtualPath, String physicalPath)
   在 System.Web.HttpApplication.MapHttpHandler(HttpContext context, String requestType, VirtualPath path, String pathTranslated, Boolean useAppConfig)
   在 System.Web.HttpApplication.MapHandlerExecutionStep.System.Web.HttpApplication.IExecutionStep.Execute()
   在 System.Web.HttpApplication.ExecuteStep(IExecutionStep step, Boolean& completedSynchronously)
-----------------------
用户IP:127.0.0.1
发生时间:2016-3-10 10:42:24
发生异常页: http://localhost:5907/中达客站客户管理系统/DelGoodsMonTB/CustomerSendTB.aspx
异常信息: f:\40李兰兰3.9\最后一次\中达客站客户管理系统\DelGoodsMonTB\CustomerSendTB.aspx.cs(40): error CS0103: 当前上下文中不存在名称“anpPage”
错误源:System.Web
堆栈信息:   在 System.Web.Compilation.BuildManager.CompileWebFile(VirtualPath virtualPath)
   在 System.Web.Compilation.BuildManager.GetVPathBuildResultInternal(VirtualPath virtualPath, Boolean noBuild, Boolean allowCrossApp, Boolean allowBuildInPrecompile)
   在 System.Web.Compilation.BuildManager.GetVPathBuildResultWithNoAssert(HttpContext context, VirtualPath virtualPath, Boolean noBuild, Boolean allowCrossApp, Boolean allowBuildInPrecompile)
   在 System.Web.Compilation.BuildManager.GetVirtualPathObjectFactory(VirtualPath virtualPath, HttpContext context, Boolean allowCrossApp, Boolean noAssert)
   在 System.Web.Compilation.BuildManager.CreateInstanceFromVirtualPath(VirtualPath virtualPath, Type requiredBaseType, HttpContext context, Boolean allowCrossApp, Boolean noAssert)
   在 System.Web.UI.PageHandlerFactory.GetHandlerHelper(HttpContext context, String requestType, VirtualPath virtualPath, String physicalPath)
   在 System.Web.UI.PageHandlerFactory.System.Web.IHttpHandlerFactory2.GetHandler(HttpContext context, String requestType, VirtualPath virtualPath, String physicalPath)
   在 System.Web.HttpApplication.MapHttpHandler(HttpContext context, String requestType, VirtualPath path, String pathTranslated, Boolean useAppConfig)
   在 System.Web.HttpApplication.MapHandlerExecutionStep.System.Web.HttpApplication.IExecutionStep.Execute()
   在 System.Web.HttpApplication.ExecuteStep(IExecutionStep step, Boolean& completedSynchronously)
-----------------------
用户IP:127.0.0.1
发生时间:2016-3-10 10:42:46
发生异常页: http://localhost:5907/中达客站客户管理系统/DelGoodsMonTB/CustomerSendTB.aspx
异常信息: f:\40李兰兰3.9\最后一次\中达客站客户管理系统\DelGoodsMonTB\CustomerSendTB.aspx.cs(40): error CS0103: 当前上下文中不存在名称“anpPage”
错误源:System.Web
堆栈信息:   在 System.Web.Compilation.BuildManager.CompileWebFile(VirtualPath virtualPath)
   在 System.Web.Compilation.BuildManager.GetVPathBuildResultInternal(VirtualPath virtualPath, Boolean noBuild, Boolean allowCrossApp, Boolean allowBuildInPrecompile)
   在 System.Web.Compilation.BuildManager.GetVPathBuildResultWithNoAssert(HttpContext context, VirtualPath virtualPath, Boolean noBuild, Boolean allowCrossApp, Boolean allowBuildInPrecompile)
   在 System.Web.Compilation.BuildManager.GetVirtualPathObjectFactory(VirtualPath virtualPath, HttpContext context, Boolean allowCrossApp, Boolean noAssert)
   在 System.Web.Compilation.BuildManager.CreateInstanceFromVirtualPath(VirtualPath virtualPath, Type requiredBaseType, HttpContext context, Boolean allowCrossApp, Boolean noAssert)
   在 System.Web.UI.PageHandlerFactory.GetHandlerHelper(HttpContext context, String requestType, VirtualPath virtualPath, String physicalPath)
   在 System.Web.UI.PageHandlerFactory.System.Web.IHttpHandlerFactory2.GetHandler(HttpContext context, String requestType, VirtualPath virtualPath, String physicalPath)
   在 System.Web.HttpApplication.MapHttpHandler(HttpContext context, String requestType, VirtualPath path, String pathTranslated, Boolean useAppConfig)
   在 System.Web.HttpApplication.MapHandlerExecutionStep.System.Web.HttpApplication.IExecutionStep.Execute()
   在 System.Web.HttpApplication.ExecuteStep(IExecutionStep step, Boolean& completedSynchronously)
-----------------------
用户IP:127.0.0.1
发生时间:2016-3-10 10:52:13
发生异常页: http://localhost:5907/中达客站客户管理系统/FootTable/FootInfo.aspx
异常信息: f:\40李兰兰3.9\最后一次\中达客站客户管理系统\FootTable\FootInfo.aspx(166): error CS1061: “ASP.foottable_footinfo_aspx”不包含“AspNetPager1_PageChanged”的定义，并且找不到可接受类型为“ASP.foottable_footinfo_aspx”的第一个参数的扩展方法“AspNetPager1_PageChanged”(是否缺少 using 指令或程序集引用?)
错误源:System.Web
堆栈信息:   在 System.Web.Compilation.BuildManager.CompileWebFile(VirtualPath virtualPath)
   在 System.Web.Compilation.BuildManager.GetVPathBuildResultInternal(VirtualPath virtualPath, Boolean noBuild, Boolean allowCrossApp, Boolean allowBuildInPrecompile)
   在 System.Web.Compilation.BuildManager.GetVPathBuildResultWithNoAssert(HttpContext context, VirtualPath virtualPath, Boolean noBuild, Boolean allowCrossApp, Boolean allowBuildInPrecompile)
   在 System.Web.Compilation.BuildManager.GetVirtualPathObjectFactory(VirtualPath virtualPath, HttpContext context, Boolean allowCrossApp, Boolean noAssert)
   在 System.Web.Compilation.BuildManager.CreateInstanceFromVirtualPath(VirtualPath virtualPath, Type requiredBaseType, HttpContext context, Boolean allowCrossApp, Boolean noAssert)
   在 System.Web.UI.PageHandlerFactory.GetHandlerHelper(HttpContext context, String requestType, VirtualPath virtualPath, String physicalPath)
   在 System.Web.UI.PageHandlerFactory.System.Web.IHttpHandlerFactory2.GetHandler(HttpContext context, String requestType, VirtualPath virtualPath, String physicalPath)
   在 System.Web.HttpApplication.MapHttpHandler(HttpContext context, String requestType, VirtualPath path, String pathTranslated, Boolean useAppConfig)
   在 System.Web.HttpApplication.MapHandlerExecutionStep.System.Web.HttpApplication.IExecutionStep.Execute()
   在 System.Web.HttpApplication.ExecuteStep(IExecutionStep step, Boolean& completedSynchronously)
-----------------------
